

Microchip MPLAB XC8 Assembler V2.50 build 20240725155939 
                                                                                               Wed Jan 29 20:48:52 2025

Microchip MPLAB XC8 C Compiler v2.50 (Free license) build 20240725155939 Og1 
     1                           	processor	16F877A
     2                           	pagewidth 120
     3                           	opt	flic
     4                           	psect	cinit,global,class=CODE,space=0,merge=1,delta=2
     5                           	psect	cstackCOMMON,global,class=COMMON,space=1,delta=1,noexec
     6                           	psect	maintext,global,class=CODE,space=0,split=1,delta=2
     7                           	psect	text1,local,class=CODE,space=0,merge=1,delta=2
     8                           	psect	intentry,global,class=CODE,space=0,delta=2
     9                           	psect	config,global,abs,ovrld,class=CONFIG,space=4,delta=2,noexec
    10                           	dabs	1,0x7E,2
    11     0000                     
    12                           ; Generated 12/10/2023 GMT
    13                           ; 
    14                           ; Copyright © 2023, Microchip Technology Inc. and its subsidiaries ("Microchip")
    15                           ; All rights reserved.
    16                           ; 
    17                           ; This software is developed by Microchip Technology Inc. and its subsidiaries ("Microch
      +                          ip").
    18                           ; 
    19                           ; Redistribution and use in source and binary forms, with or without modification, are
    20                           ; permitted provided that the following conditions are met:
    21                           ; 
    22                           ;     1. Redistributions of source code must retain the above copyright notice, this lis
      +                          t of
    23                           ;        conditions and the following disclaimer.
    24                           ; 
    25                           ;     2. Redistributions in binary form must reproduce the above copyright notice, this 
      +                          list
    26                           ;        of conditions and the following disclaimer in the documentation and/or other
    27                           ;        materials provided with the distribution. Publication is not required when
    28                           ;        this file is used in an embedded application.
    29                           ; 
    30                           ;     3. Microchip's name may not be used to endorse or promote products derived from th
      +                          is
    31                           ;        software without specific prior written permission.
    32                           ; 
    33                           ; THIS SOFTWARE IS PROVIDED BY MICROCHIP "AS IS" AND ANY EXPRESS OR IMPLIED WARRANTIES,
    34                           ; INCLUDING, BUT NOT LIMITED TO, THE IMPLIED WARRANTIES OF MERCHANTABILITY AND FITNESS F
      +                          OR
    35                           ; PURPOSE ARE DISCLAIMED.  IN NO EVENT SHALL MICROCHIP BE LIABLE FOR ANY DIRECT, INDIREC
      +                          T,
    36                           ; INCIDENTAL, SPECIAL, EXEMPLARY, OR CONSEQUENTIAL DAMAGES (INCLUDING BUT NOT LIMITED TO
    37                           ; PROCUREMENT OF SUBSTITUTE GOODS OR SERVICES; LOSS OF USE, DATA OR PROFITS; OR BUSINESS
    38                           ; INTERRUPTION) HOWSOEVER CAUSED AND ON ANY THEORY OF LIABILITY, WHETHER IN CONTRACT, ST
      +                          RICT
    39                           ; LIABILITY, OR TORT (INCLUDING NEGLIGENCE OR OTHERWISE) ARISING IN ANY WAY OUT OF THE U
      +                          SE OF
    40                           ; THIS SOFTWARE, EVEN IF ADVISED OF THE POSSIBILITY OF SUCH DAMAGE.
    41                           ; 
    42                           ; 
    43                           ; Code-generator required, PIC16F877A Definitions
    44                           ; 
    45                           ; SFR Addresses
    46     0004                     fsr             equ	4
    47     0004                     fsr0            equ	4
    48     0000                     indf            equ	0
    49     0000                     indf0           equ	0
    50     0002                     pc              equ	2
    51     0002                     pcl             equ	2
    52     000A                     pclath          equ	10
    53     0003                     status          equ	3
    54     0000                     INDF            equ	0	;# 
    55     0001                     TMR0            equ	1	;# 
    56     0002                     PCL             equ	2	;# 
    57     0003                     STATUS          equ	3	;# 
    58     0004                     FSR             equ	4	;# 
    59     0005                     PORTA           equ	5	;# 
    60     0006                     PORTB           equ	6	;# 
    61     0007                     PORTC           equ	7	;# 
    62     0008                     PORTD           equ	8	;# 
    63     0009                     PORTE           equ	9	;# 
    64     000A                     PCLATH          equ	10	;# 
    65     000B                     INTCON          equ	11	;# 
    66     000C                     PIR1            equ	12	;# 
    67     000D                     PIR2            equ	13	;# 
    68     000E                     TMR1            equ	14	;# 
    69     000E                     TMR1L           equ	14	;# 
    70     000F                     TMR1H           equ	15	;# 
    71     0010                     T1CON           equ	16	;# 
    72     0011                     TMR2            equ	17	;# 
    73     0012                     T2CON           equ	18	;# 
    74     0013                     SSPBUF          equ	19	;# 
    75     0014                     SSPCON          equ	20	;# 
    76     0015                     CCPR1           equ	21	;# 
    77     0015                     CCPR1L          equ	21	;# 
    78     0016                     CCPR1H          equ	22	;# 
    79     0017                     CCP1CON         equ	23	;# 
    80     0018                     RCSTA           equ	24	;# 
    81     0019                     TXREG           equ	25	;# 
    82     001A                     RCREG           equ	26	;# 
    83     001B                     CCPR2           equ	27	;# 
    84     001B                     CCPR2L          equ	27	;# 
    85     001C                     CCPR2H          equ	28	;# 
    86     001D                     CCP2CON         equ	29	;# 
    87     001E                     ADRESH          equ	30	;# 
    88     001F                     ADCON0          equ	31	;# 
    89     0081                     OPTION_REG      equ	129	;# 
    90     0085                     TRISA           equ	133	;# 
    91     0086                     TRISB           equ	134	;# 
    92     0087                     TRISC           equ	135	;# 
    93     0088                     TRISD           equ	136	;# 
    94     0089                     TRISE           equ	137	;# 
    95     008C                     PIE1            equ	140	;# 
    96     008D                     PIE2            equ	141	;# 
    97     008E                     PCON            equ	142	;# 
    98     0091                     SSPCON2         equ	145	;# 
    99     0092                     PR2             equ	146	;# 
   100     0093                     SSPADD          equ	147	;# 
   101     0094                     SSPSTAT         equ	148	;# 
   102     0098                     TXSTA           equ	152	;# 
   103     0099                     SPBRG           equ	153	;# 
   104     009C                     CMCON           equ	156	;# 
   105     009D                     CVRCON          equ	157	;# 
   106     009E                     ADRESL          equ	158	;# 
   107     009F                     ADCON1          equ	159	;# 
   108     010C                     EEDATA          equ	268	;# 
   109     010D                     EEADR           equ	269	;# 
   110     010E                     EEDATH          equ	270	;# 
   111     010F                     EEADRH          equ	271	;# 
   112     018C                     EECON1          equ	396	;# 
   113     018D                     EECON2          equ	397	;# 
   114     0000                     INDF            equ	0	;# 
   115     0001                     TMR0            equ	1	;# 
   116     0002                     PCL             equ	2	;# 
   117     0003                     STATUS          equ	3	;# 
   118     0004                     FSR             equ	4	;# 
   119     0005                     PORTA           equ	5	;# 
   120     0006                     PORTB           equ	6	;# 
   121     0007                     PORTC           equ	7	;# 
   122     0008                     PORTD           equ	8	;# 
   123     0009                     PORTE           equ	9	;# 
   124     000A                     PCLATH          equ	10	;# 
   125     000B                     INTCON          equ	11	;# 
   126     000C                     PIR1            equ	12	;# 
   127     000D                     PIR2            equ	13	;# 
   128     000E                     TMR1            equ	14	;# 
   129     000E                     TMR1L           equ	14	;# 
   130     000F                     TMR1H           equ	15	;# 
   131     0010                     T1CON           equ	16	;# 
   132     0011                     TMR2            equ	17	;# 
   133     0012                     T2CON           equ	18	;# 
   134     0013                     SSPBUF          equ	19	;# 
   135     0014                     SSPCON          equ	20	;# 
   136     0015                     CCPR1           equ	21	;# 
   137     0015                     CCPR1L          equ	21	;# 
   138     0016                     CCPR1H          equ	22	;# 
   139     0017                     CCP1CON         equ	23	;# 
   140     0018                     RCSTA           equ	24	;# 
   141     0019                     TXREG           equ	25	;# 
   142     001A                     RCREG           equ	26	;# 
   143     001B                     CCPR2           equ	27	;# 
   144     001B                     CCPR2L          equ	27	;# 
   145     001C                     CCPR2H          equ	28	;# 
   146     001D                     CCP2CON         equ	29	;# 
   147     001E                     ADRESH          equ	30	;# 
   148     001F                     ADCON0          equ	31	;# 
   149     0081                     OPTION_REG      equ	129	;# 
   150     0085                     TRISA           equ	133	;# 
   151     0086                     TRISB           equ	134	;# 
   152     0087                     TRISC           equ	135	;# 
   153     0088                     TRISD           equ	136	;# 
   154     0089                     TRISE           equ	137	;# 
   155     008C                     PIE1            equ	140	;# 
   156     008D                     PIE2            equ	141	;# 
   157     008E                     PCON            equ	142	;# 
   158     0091                     SSPCON2         equ	145	;# 
   159     0092                     PR2             equ	146	;# 
   160     0093                     SSPADD          equ	147	;# 
   161     0094                     SSPSTAT         equ	148	;# 
   162     0098                     TXSTA           equ	152	;# 
   163     0099                     SPBRG           equ	153	;# 
   164     009C                     CMCON           equ	156	;# 
   165     009D                     CVRCON          equ	157	;# 
   166     009E                     ADRESL          equ	158	;# 
   167     009F                     ADCON1          equ	159	;# 
   168     010C                     EEDATA          equ	268	;# 
   169     010D                     EEADR           equ	269	;# 
   170     010E                     EEDATH          equ	270	;# 
   171     010F                     EEADRH          equ	271	;# 
   172     018C                     EECON1          equ	396	;# 
   173     018D                     EECON2          equ	397	;# 
   174     0006                     _PORTBbits      set	6
   175     000B                     _INTCONbits     set	11
   176     0086                     _TRISBbits      set	134
   177     0081                     _OPTION_REGbits set	129
   178                           
   179                           	psect	cinit
   180     000F                     start_initialization:	
   181                           ; #config settings
   182                           
   183     000F                     __initialization:
   184     000F                     end_of_initialization:	
   185                           ;End of C runtime variable initialization code
   186                           
   187     000F                     __end_of__initialization:
   188     000F  0183               	clrf	3
   189     0010  120A  118A  282E   	ljmp	_main	;jump to C main() function
   190                           
   191                           	psect	cstackCOMMON
   192     0070                     __pcstackCOMMON:
   193     0070                     ?_PB_Ext:
   194     0070                     ?_main:	
   195                           ; 1 bytes @ 0x0
   196                           
   197     0070                     ??_PB_Ext:	
   198                           ; 1 bytes @ 0x0
   199                           
   200                           
   201                           ; 1 bytes @ 0x0
   202     0070                     	ds	2
   203     0072                     ??_main:
   204                           
   205                           	psect	maintext
   206     002E                     __pmaintext:	
   207                           ; 1 bytes @ 0x2
   208 ;;
   209 ;;Main: autosize = 0, tempsize = 0, incstack = 0, save=0
   210 ;;
   211 ;; *************** function _main *****************
   212 ;; Defined at:
   213 ;;		line 31 in file "main.c"
   214 ;; Parameters:    Size  Location     Type
   215 ;;		None
   216 ;; Auto vars:     Size  Location     Type
   217 ;;		None
   218 ;; Return value:  Size  Location     Type
   219 ;;                  1    wreg      void 
   220 ;; Registers used:
   221 ;;		None
   222 ;; Tracked objects:
   223 ;;		On entry : B00/0
   224 ;;		On exit  : 0/0
   225 ;;		Unchanged: 0/0
   226 ;; Data sizes:     COMMON   BANK0   BANK1   BANK3   BANK2
   227 ;;      Params:         0       0       0       0       0
   228 ;;      Locals:         0       0       0       0       0
   229 ;;      Temps:          0       0       0       0       0
   230 ;;      Totals:         0       0       0       0       0
   231 ;;Total ram usage:        0 bytes
   232 ;; Hardware stack levels required when called: 1
   233 ;; This function calls:
   234 ;;		Nothing
   235 ;; This function is called by:
   236 ;;		Startup code after reset
   237 ;; This function uses a non-reentrant model
   238 ;;
   239                           
   240     002E                     _main:	
   241                           ;psect for function _main
   242                           
   243     002E                     l620:	
   244                           ;incstack = 0
   245                           ; Regs used in _main: []
   246                           
   247                           
   248                           ;main.c: 33: INTCONbits.GIE = 1;
   249     002E  178B               	bsf	11,7	;volatile
   250                           
   251                           ;main.c: 34: INTCONbits.PEIE = 1;
   252     002F  170B               	bsf	11,6	;volatile
   253                           
   254                           ;main.c: 35: INTCONbits.INTE = 1;
   255     0030  160B               	bsf	11,4	;volatile
   256                           
   257                           ;main.c: 37: OPTION_REGbits.INTEDG = 1;
   258     0031  1683               	bsf	3,5	;RP0=1, select bank1
   259     0032  1303               	bcf	3,6	;RP1=0, select bank1
   260     0033  1701               	bsf	1,6	;volatile
   261                           
   262                           ;main.c: 40: TRISBbits.TRISB2 = 0;
   263     0034  1106               	bcf	6,2	;volatile
   264     0035                     l19:	
   265                           ;main.c: 43: while(1)
   266                           
   267     0035                     l20:	
   268                           ;main.c: 44: {
   269                           
   270     0035  2835               	goto	l19
   271     0036  120A  118A  280C   	ljmp	start
   272     0039                     __end_of_main:
   273                           
   274                           	psect	text1
   275     0013                     __ptext1:	
   276 ;; *************** function _PB_Ext *****************
   277 ;; Defined at:
   278 ;;		line 22 in file "main.c"
   279 ;; Parameters:    Size  Location     Type
   280 ;;		None
   281 ;; Auto vars:     Size  Location     Type
   282 ;;		None
   283 ;; Return value:  Size  Location     Type
   284 ;;                  1    wreg      void 
   285 ;; Registers used:
   286 ;;		status,0
   287 ;; Tracked objects:
   288 ;;		On entry : 0/0
   289 ;;		On exit  : 0/0
   290 ;;		Unchanged: 0/0
   291 ;; Data sizes:     COMMON   BANK0   BANK1   BANK3   BANK2
   292 ;;      Params:         0       0       0       0       0
   293 ;;      Locals:         0       0       0       0       0
   294 ;;      Temps:          2       0       0       0       0
   295 ;;      Totals:         2       0       0       0       0
   296 ;;Total ram usage:        2 bytes
   297 ;; Hardware stack levels used: 1
   298 ;; This function calls:
   299 ;;		Nothing
   300 ;; This function is called by:
   301 ;;		Interrupt level 1
   302 ;; This function uses a non-reentrant model
   303 ;;
   304                           
   305     0013                     _PB_Ext:	
   306                           ;psect for function _PB_Ext
   307                           
   308     0013                     i1l614:
   309                           
   310                           ;main.c: 24: if(INTCONbits.INTF == 1)
   311     0013  1C8B               	btfss	11,1	;volatile
   312     0014  2816               	goto	u1_21
   313     0015  2817               	goto	u1_20
   314     0016                     u1_21:
   315     0016  2827               	goto	i1l14
   316     0017                     u1_20:
   317     0017                     i1l616:
   318                           
   319                           ;main.c: 25: {;main.c: 26: PORTBbits.RB2 = ~PORTBbits.RB2;
   320     0017  1003               	clrc
   321     0018  1283               	bcf	3,5	;RP0=0, select bank0
   322     0019  1303               	bcf	3,6	;RP1=0, select bank0
   323     001A  1D06               	btfss	6,2	;volatile
   324     001B  1403               	setc
   325     001C  1803               	btfsc	3,0
   326     001D  281F               	goto	u2_21
   327     001E  2823               	goto	u2_20
   328     001F                     u2_21:
   329     001F  1283               	bcf	3,5	;RP0=0, select bank0
   330     0020  1303               	bcf	3,6	;RP1=0, select bank0
   331     0021  1506               	bsf	6,2	;volatile
   332     0022  2826               	goto	u3_24
   333     0023                     u2_20:
   334     0023  1283               	bcf	3,5	;RP0=0, select bank0
   335     0024  1303               	bcf	3,6	;RP1=0, select bank0
   336     0025  1106               	bcf	6,2	;volatile
   337     0026                     u3_24:
   338     0026                     i1l618:
   339                           
   340                           ;main.c: 27: INTCONbits.INTF = 0;
   341     0026  108B               	bcf	11,1	;volatile
   342     0027                     i1l14:
   343     0027  0871               	movf	??_PB_Ext+1,w
   344     0028  008A               	movwf	10
   345     0029  0E70               	swapf	??_PB_Ext,w
   346     002A  0083               	movwf	3
   347     002B  0EFE               	swapf	btemp,f
   348     002C  0E7E               	swapf	btemp,w
   349     002D  0009               	retfie
   350     002E                     __end_of_PB_Ext:
   351     0002                     ___latbits      equ	2
   352     007E                     btemp           set	126	;btemp
   353     007E                     wtemp0          set	126
   354                           
   355                           	psect	intentry
   356     0004                     __pintentry:	
   357                           ;incstack = 0
   358                           ; Regs used in _PB_Ext: [status,0]
   359                           
   360     0004                     interrupt_function:
   361     007E                     saved_w         set	btemp
   362     0004  00FE               	movwf	btemp
   363     0005  0E03               	swapf	3,w
   364     0006  00F0               	movwf	??_PB_Ext
   365     0007  080A               	movf	10,w
   366     0008  00F1               	movwf	??_PB_Ext+1
   367     0009  120A  118A  2813   	ljmp	_PB_Ext
   368                           
   369                           	psect	config
   370                           
   371                           ;Config register CONFIG @ 0x2007
   372                           ;	Oscillator Selection bits
   373                           ;	FOSC = HS, HS oscillator
   374                           ;	Watchdog Timer Enable bit
   375                           ;	WDTE = OFF, WDT disabled
   376                           ;	Power-up Timer Enable bit
   377                           ;	PWRTE = OFF, PWRT disabled
   378                           ;	Brown-out Reset Enable bit
   379                           ;	BOREN = OFF, BOR disabled
   380                           ;	Low-Voltage (Single-Supply) In-Circuit Serial Programming Enable bit
   381                           ;	LVP = ON, RB3/PGM pin has PGM function; low-voltage programming enabled
   382                           ;	Data EEPROM Memory Code Protection bit
   383                           ;	CPD = OFF, Data EEPROM code protection off
   384                           ;	Flash Program Memory Write Enable bits
   385                           ;	WRT = OFF, Write protection off; all program memory may be written to by EECON control
   386                           ;	In-Circuit Debugger Mode bit
   387                           ;	DEBUG = 0x1, unprogrammed default
   388                           ;	Flash Program Memory Code Protection bit
   389                           ;	CP = OFF, Code protection off
   390     2007                     	org	8199
   391     2007  3FBA               	dw	16314

Data Sizes:
    Strings     0
    Constant    0
    Data        0
    BSS         0
    Persistent  0
    Stack       0

Auto Spaces:
    Space          Size  Autos    Used
    COMMON           14      2       2
    BANK0            80      0       0
    BANK1            80      0       0
    BANK3            96      0       0
    BANK2            96      0       0

Pointer List with Targets:

    None.

Critical Paths under _main in COMMON

    None.

Critical Paths under _PB_Ext in COMMON

    None.

Critical Paths under _main in BANK0

    None.

Critical Paths under _PB_Ext in BANK0

    None.

Critical Paths under _main in BANK1

    None.

Critical Paths under _PB_Ext in BANK1

    None.

Critical Paths under _main in BANK3

    None.

Critical Paths under _PB_Ext in BANK3

    None.

Critical Paths under _main in BANK2

    None.

Critical Paths under _PB_Ext in BANK2

    None.

Call Graph Tables:

 ---------------------------------------------------------------------------------
 (Depth) Function   	        Calls       Base Space   Used Autos Params    Refs
 ---------------------------------------------------------------------------------
 (0) _main                                                 0     0      0       0
 ---------------------------------------------------------------------------------
 Estimated maximum stack depth 0
 ---------------------------------------------------------------------------------
 (Depth) Function   	        Calls       Base Space   Used Autos Params    Refs
 ---------------------------------------------------------------------------------
 (1) _PB_Ext                                               2     2      0       0
                                              0 COMMON     2     2      0
 ---------------------------------------------------------------------------------
 Estimated maximum stack depth 1
 ---------------------------------------------------------------------------------

 Call Graph Graphs:

 _main (ROOT)

 _PB_Ext (ROOT)

Address spaces:
Name               Size   Autos  Total    Usage
BITCOMMON           14      0       0      0.0%
BITBANK0            80      0       0      0.0%
BITBANK1            80      0       0      0.0%
BITBANK3            96      0       0      0.0%
BITBANK2            96      0       0      0.0%
COMMON              14      2       2     14.3%
BANK0               80      0       0      0.0%
BANK1               80      0       0      0.0%
BANK3               96      0       0      0.0%
BANK2               96      0       0      0.0%
STACK                0      0       0      0.0%
DATA                 0      0       2      0.0%


Microchip Technology PIC Macro Assembler V2.50 build 20240725155939 
Symbol Table                                                                                   Wed Jan 29 20:48:52 2025

                     l20 0035                       l19 0035                      l620 002E  
                   i1l14 0027                     u1_20 0017                     u1_21 0016  
                   u2_20 0023                     u2_21 001F                     u3_24 0026  
                   _main 002E                     btemp 007E                     start 000C  
                  ?_main 0070                    i1l614 0013                    i1l616 0017  
                  i1l618 0026                    pclath 000A                    status 0003  
                  wtemp0 007E          __initialization 000F             __end_of_main 0039  
                 ??_main 0072                   _PB_Ext 0013                   saved_w 007E  
__end_of__initialization 000F           __pcstackCOMMON 0070           _OPTION_REGbits 0081  
                ?_PB_Ext 0070               __pmaintext 002E               __pintentry 0004  
                __ptext1 0013     end_of_initialization 000F                _PORTBbits 0006  
              _TRISBbits 0086           __end_of_PB_Ext 002E      start_initialization 000F  
               ??_PB_Ext 0070                ___latbits 0002        interrupt_function 0004  
             _INTCONbits 000B                 intlevel1 0000  
